GROUP,PACKAGE,CLASS,INSTRUCTION_MISSED,INSTRUCTION_COVERED,BRANCH_MISSED,BRANCH_COVERED,LINE_MISSED,LINE_COVERED,COMPLEXITY_MISSED,COMPLEXITY_COVERED,METHOD_MISSED,METHOD_COVERED
com.irurueta:irurueta-server-commons-geolocation,com.irurueta.server.commons.geolocation,GeolocationException,0,16,0,0,0,8,0,4,0,4
com.irurueta:irurueta-server-commons-geolocation,com.irurueta.server.commons.geolocation,IPGeolocationLevel,0,70,0,8,0,13,0,8,0,4
com.irurueta:irurueta-server-commons-geolocation,com.irurueta.server.commons.geolocation,GeolocationConfigurationFactory,0,47,0,6,0,13,0,7,0,4
com.irurueta:irurueta-server-commons-geolocation,com.irurueta.server.commons.geolocation,BuildInfo,12,113,2,4,4,31,2,11,0,10
com.irurueta:irurueta-server-commons-geolocation,com.irurueta.server.commons.geolocation,IPGeolocator,80,595,53,72,22,167,49,34,1,19
com.irurueta:irurueta-server-commons-geolocation,com.irurueta.server.commons.geolocation,IPGeolocationDisabledException,0,16,0,0,0,8,0,4,0,4
com.irurueta:irurueta-server-commons-geolocation,com.irurueta.server.commons.geolocation,IPLocation,0,160,0,16,0,44,0,33,0,25
com.irurueta:irurueta-server-commons-geolocation,com.irurueta.server.commons.geolocation,IPLocationNotFoundException,0,16,0,0,0,8,0,4,0,4
com.irurueta:irurueta-server-commons-geolocation,com.irurueta.server.commons.geolocation,GeolocationConfigurationImpl,6,188,4,4,2,56,4,12,0,12
